<?xml version="1.0" encoding="UTF-8"?>
<testsuite xmlns:xsi="http://www.w3.org/2001/XMLSchema-instance" xsi:noNamespaceSchemaLocation="https://maven.apache.org/surefire/maven-surefire-plugin/xsd/surefire-test-report-3.0.xsd" version="3.0" name="com.example.todolistmanager.TodoListManagerTest" time="0.072" tests="3" errors="0" skipped="0" failures="0">
  <properties>
[...]
</properties>
  <testcase name="testAddTask" classname="com.example.todolistmanager.TodoListManagerTest" time="0.011">
    <system-out><![CDATA[Task added: Task 1
]]></system-out>
  </testcase>
  <testcase name="testRemoveTask" classname="com.example.todolistmanager.TodoListManagerTest" time="0.0">
    <system-out><![CDATA[Task added: Task 1
Task removed: Task 1
]]></system-out>
  </testcase>
  <testcase name="testCompleteTask" classname="com.example.todolistmanager.TodoListManagerTest" time="0.002">
    <system-out><![CDATA[Task added: Task 1
Task completed: Task 1
]]></system-out>
  </testcase>
</testsuite>